# JRE version: Java(TM) SE Runtime Environment (8.0_05-b13) (build 1.8.0_05-b13)
# Java VM: Java HotSpot(TM) Client VM (25.5-b02 mixed mode, sharing windows-x86 )
Heap:
 def new generation   total 14656K, used 10075K [0x04800000, 0x057e0000, 0x09d50000)
  eden space 13056K,  71% used [0x04800000, 0x05115168, 0x054c0000)
  from space 1600K,  48% used [0x054c0000, 0x05581bf0, 0x05650000)
  to   space 1600K,   0% used [0x05650000, 0x05650000, 0x057e0000)
 tenured generation   total 32368K, used 22597K [0x09d50000, 0x0bcec000, 0x14800000)
   the space 32368K,  69% used [0x09d50000, 0x0b3614c0, 0x0b361600, 0x0bcec000)
 Metaspace       used 4084K, capacity 4211K, committed 4288K, reserved 4480K
GC Heap History (10 events):
Event: 28.764 GC heap before
{Heap before GC invocations=7 (full 0):
 def new generation   total 4928K, used 4928K [0x04800000, 0x04d50000, 0x09d50000)
  eden space 4416K, 100% used [0x04800000, 0x04c50000, 0x04c50000)
  from space 512K, 100% used [0x04cd0000, 0x04d50000, 0x04d50000)
  to   space 512K,   0% used [0x04c50000, 0x04c50000, 0x04cd0000)
 tenured generation   total 10944K, used 7932K [0x09d50000, 0x0a800000, 0x14800000)
   the space 10944K,  72% used [0x09d50000, 0x0a50f350, 0x0a50f400, 0x0a800000)
 Metaspace       used 3751K, capacity 3893K, committed 3904K, reserved 4480K
Event: 28.790 GC heap after
Heap after GC invocations=8 (full 1):
 def new generation   total 8384K, used 0K [0x04800000, 0x05110000, 0x09d50000)
  eden space 7488K,   0% used [0x04800000, 0x04800000, 0x04f50000)
  from space 896K,   0% used [0x04f50000, 0x04f50000, 0x05030000)
  to   space 896K,   0% used [0x05030000, 0x05030000, 0x05110000)
 tenured generation   total 18392K, used 11034K [0x09d50000, 0x0af46000, 0x14800000)
   the space 18392K,  59% used [0x09d50000, 0x0a816838, 0x0a816a00, 0x0af46000)
 Metaspace       used 3749K, capacity 3891K, committed 3904K, reserved 4480K
}
Event: 29.145 GC heap before
{Heap before GC invocations=8 (full 1):
 def new generation   total 8384K, used 7488K [0x04800000, 0x05110000, 0x09d50000)
  eden space 7488K, 100% used [0x04800000, 0x04f50000, 0x04f50000)
  from space 896K,   0% used [0x04f50000, 0x04f50000, 0x05030000)
  to   space 896K,   0% used [0x05030000, 0x05030000, 0x05110000)
 tenured generation   total 18392K, used 11034K [0x09d50000, 0x0af46000, 0x14800000)
   the space 18392K,  59% used [0x09d50000, 0x0a816838, 0x0a816a00, 0x0af46000)
 Metaspace       used 3749K, capacity 3891K, committed 3904K, reserved 4480K
Event: 29.156 GC heap after
Heap after GC invocations=9 (full 1):
 def new generation   total 8384K, used 895K [0x04800000, 0x05110000, 0x09d50000)
  eden space 7488K,   0% used [0x04800000, 0x04800000, 0x04f50000)
  from space 896K,  99% used [0x05030000, 0x0510fff8, 0x05110000)
  to   space 896K,   0% used [0x04f50000, 0x04f50000, 0x05030000)
 tenured generation   total 18392K, used 15244K [0x09d50000, 0x0af46000, 0x14800000)
   the space 18392K,  82% used [0x09d50000, 0x0ac33328, 0x0ac33400, 0x0af46000)
 Metaspace       used 3749K, capacity 3891K, committed 3904K, reserved 4480K
}
Event: 31.615 GC heap before
{Heap before GC invocations=9 (full 1):
 def new generation   total 8384K, used 8280K [0x04800000, 0x05110000, 0x09d50000)
  eden space 7488K,  98% used [0x04800000, 0x04f36210, 0x04f50000)
  from space 896K,  99% used [0x05030000, 0x0510fff8, 0x05110000)
  to   space 896K,   0% used [0x04f50000, 0x04f50000, 0x05030000)
 tenured generation   total 18392K, used 15244K [0x09d50000, 0x0af46000, 0x14800000)
   the space 18392K,  82% used [0x09d50000, 0x0ac33328, 0x0ac33400, 0x0af46000)
 Metaspace       used 4017K, capacity 4147K, committed 4160K, reserved 4480K
Event: 31.653 GC heap after
Heap after GC invocations=10 (full 2):
 def new generation   total 14656K, used 160K [0x04800000, 0x057e0000, 0x09d50000)
  eden space 13056K,   1% used [0x04800000, 0x048283b8, 0x054c0000)
  from space 1600K,   0% used [0x054c0000, 0x054c0000, 0x05650000)
  to   space 1600K,   0% used [0x05650000, 0x05650000, 0x057e0000)
 tenured generation   total 32368K, used 19420K [0x09d50000, 0x0bcec000, 0x14800000)
   the space 32368K,  59% used [0x09d50000, 0x0b047000, 0x0b047000, 0x0bcec000)
 Metaspace       used 4017K, capacity 4147K, committed 4160K, reserved 4480K
}
Event: 39.211 GC heap before
{Heap before GC invocations=10 (full 2):
 def new generation   total 14656K, used 13056K [0x04800000, 0x057e0000, 0x09d50000)
  eden space 13056K, 100% used [0x04800000, 0x054c0000, 0x054c0000)
  from space 1600K,   0% used [0x054c0000, 0x054c0000, 0x05650000)
  to   space 1600K,   0% used [0x05650000, 0x05650000, 0x057e0000)
 tenured generation   total 32368K, used 19420K [0x09d50000, 0x0bcec000, 0x14800000)
   the space 32368K,  59% used [0x09d50000, 0x0b047000, 0x0b047000, 0x0bcec000)
 Metaspace       used 4029K, capacity 4147K, committed 4160K, reserved 4480K
Event: 39.220 GC heap after
Heap after GC invocations=11 (full 2):
 def new generation   total 14656K, used 1600K [0x04800000, 0x057e0000, 0x09d50000)
  eden space 13056K,   0% used [0x04800000, 0x04800000, 0x054c0000)
  from space 1600K, 100% used [0x05650000, 0x057e0000, 0x057e0000)
  to   space 1600K,   0% used [0x054c0000, 0x054c0000, 0x05650000)
 tenured generation   total 32368K, used 21017K [0x09d50000, 0x0bcec000, 0x14800000)
   the space 32368K,  64% used [0x09d50000, 0x0b1d65a0, 0x0b1d6600, 0x0bcec000)
 Metaspace       used 4029K, capacity 4147K, committed 4160K, reserved 4480K
}
Event: 45.708 GC heap before
{Heap before GC invocations=11 (full 2):
 def new generation   total 14656K, used 10924K [0x04800000, 0x057e0000, 0x09d50000)
  eden space 13056K,  71% used [0x04800000, 0x0511b0a0, 0x054c0000)
  from space 1600K, 100% used [0x05650000, 0x057e0000, 0x057e0000)
  to   space 1600K,   0% used [0x054c0000, 0x054c0000, 0x05650000)
 tenured generation   total 32368K, used 21017K [0x09d50000, 0x0bcec000, 0x14800000)
   the space 32368K,  64% used [0x09d50000, 0x0b1d65a0, 0x0b1d6600, 0x0bcec000)
 Metaspace       used 4052K, capacity 4179K, committed 4288K, reserved 4480K
Event: 45.711 GC heap after
Heap after GC invocations=12 (full 2):
 def new generation   total 14656K, used 774K [0x04800000, 0x057e0000, 0x09d50000)
  eden space 13056K,   0% used [0x04800000, 0x04800000, 0x054c0000)
  from space 1600K,  48% used [0x054c0000, 0x05581bf0, 0x05650000)
  to   space 1600K,   0% used [0x05650000, 0x05650000, 0x057e0000)
 tenured generation   total 32368K, used 22597K [0x09d50000, 0x0bcec000, 0x14800000)
   the space 32368K,  69% used [0x09d50000, 0x0b3614c0, 0x0b361600, 0x0bcec000)
 Metaspace       used 4052K, capacity 4179K, committed 4288K, reserved 4480K
}

